{"total": {"lines":{"total":757,"covered":757,"skipped":0,"pct":100},"statements":{"total":757,"covered":757,"skipped":0,"pct":100},"functions":{"total":42,"covered":42,"skipped":0,"pct":100},"branches":{"total":311,"covered":297,"skipped":0,"pct":95.49},"branchesTrue":{"total":0,"covered":0,"skipped":0,"pct":100}}
,"/home/gustavo/Documentos/BitcoSats/current/client/src/lib/admin.ts": {"lines":{"total":127,"covered":127,"skipped":0,"pct":100},"functions":{"total":12,"covered":12,"skipped":0,"pct":100},"statements":{"total":127,"covered":127,"skipped":0,"pct":100},"branches":{"total":74,"covered":73,"skipped":0,"pct":98.64}}
,"/home/gustavo/Documentos/BitcoSats/current/client/src/lib/amountInput.ts": {"lines":{"total":33,"covered":33,"skipped":0,"pct":100},"functions":{"total":4,"covered":4,"skipped":0,"pct":100},"statements":{"total":33,"covered":33,"skipped":0,"pct":100},"branches":{"total":34,"covered":32,"skipped":0,"pct":94.11}}
,"/home/gustavo/Documentos/BitcoSats/current/client/src/lib/auditActions.ts": {"lines":{"total":102,"covered":102,"skipped":0,"pct":100},"functions":{"total":1,"covered":1,"skipped":0,"pct":100},"statements":{"total":102,"covered":102,"skipped":0,"pct":100},"branches":{"total":3,"covered":3,"skipped":0,"pct":100}}
,"/home/gustavo/Documentos/BitcoSats/current/client/src/lib/authValidation.ts": {"lines":{"total":18,"covered":18,"skipped":0,"pct":100},"functions":{"total":3,"covered":3,"skipped":0,"pct":100},"statements":{"total":18,"covered":18,"skipped":0,"pct":100},"branches":{"total":14,"covered":14,"skipped":0,"pct":100}}
,"/home/gustavo/Documentos/BitcoSats/current/client/src/lib/captchaActions.ts": {"lines":{"total":4,"covered":4,"skipped":0,"pct":100},"functions":{"total":0,"covered":0,"skipped":0,"pct":100},"statements":{"total":4,"covered":4,"skipped":0,"pct":100},"branches":{"total":0,"covered":0,"skipped":0,"pct":100}}
,"/home/gustavo/Documentos/BitcoSats/current/client/src/lib/chainExplorers.ts": {"lines":{"total":27,"covered":27,"skipped":0,"pct":100},"functions":{"total":1,"covered":1,"skipped":0,"pct":100},"statements":{"total":27,"covered":27,"skipped":0,"pct":100},"branches":{"total":13,"covered":13,"skipped":0,"pct":100}}
,"/home/gustavo/Documentos/BitcoSats/current/client/src/lib/formatError.ts": {"lines":{"total":50,"covered":50,"skipped":0,"pct":100},"functions":{"total":1,"covered":1,"skipped":0,"pct":100},"statements":{"total":50,"covered":50,"skipped":0,"pct":100},"branches":{"total":28,"covered":27,"skipped":0,"pct":96.42}}
,"/home/gustavo/Documentos/BitcoSats/current/client/src/lib/qr.ts": {"lines":{"total":9,"covered":9,"skipped":0,"pct":100},"functions":{"total":1,"covered":1,"skipped":0,"pct":100},"statements":{"total":9,"covered":9,"skipped":0,"pct":100},"branches":{"total":1,"covered":1,"skipped":0,"pct":100}}
,"/home/gustavo/Documentos/BitcoSats/current/client/src/lib/returnTo.ts": {"lines":{"total":16,"covered":16,"skipped":0,"pct":100},"functions":{"total":1,"covered":1,"skipped":0,"pct":100},"statements":{"total":16,"covered":16,"skipped":0,"pct":100},"branches":{"total":13,"covered":13,"skipped":0,"pct":100}}
,"/home/gustavo/Documentos/BitcoSats/current/client/src/shared/coins.ts": {"lines":{"total":371,"covered":371,"skipped":0,"pct":100},"functions":{"total":18,"covered":18,"skipped":0,"pct":100},"statements":{"total":371,"covered":371,"skipped":0,"pct":100},"branches":{"total":131,"covered":121,"skipped":0,"pct":92.36}}
}
